<?xml version="1.0" encoding="UTF-8"?>
<!-- Generated by org.testng.reporters.JUnitReportReporter -->
<testsuite hostname="LAPTOP-1JD3F0HH" failures="0" tests="1" name="com.myproj.extentreport" time="7.922" errors="0" timestamp="2021-05-15T12:09:34 IST" skipped="0">
  <testcase classname="com.myproj.extentreport" name="m1" time="7.922"/>
  <system-out/>
</testsuite> <!-- com.myproj.extentreport -->
